<?xml version="1.0" encoding="UTF-8"?>
<!-- Generated by org.testng.reporters.JUnitReportReporter -->
<testsuite hostname="DESKTOP-C3EAUUQ" failures="0" tests="1" name="users.first" time="0.009" errors="0" timestamp="2024-11-27T11:45:29 IST" skipped="0">
  <testcase classname="users.first" name="add" time="0.009"/>
  <system-out/>
</testsuite> <!-- users.first -->
